<?xml version="1.0" encoding="UTF-8"?>
<!-- Generated by org.testng.reporters.JUnitReportReporter -->
<testsuite hostname="Niharikas-MacBook-Pro.local" name="TestCases.SerachItem" tests="1" failures="0" timestamp="25 May 2020 09:27:57 GMT" time="4.679" errors="0">
  <testcase name="LoginTest" time="4.679" classname="TestCases.SerachItem"/>
</testsuite> <!-- TestCases.SerachItem -->
