<?xml version="1.0" encoding="UTF-8"?>
<!-- Generated by org.testng.reporters.JUnitReportReporter -->
<testsuite hostname="Niharikas-MacBook-Pro.local" name="TestCases.AddBookToCart" tests="1" failures="0" timestamp="27 May 2020 16:44:09 GMT" time="6.200" errors="0">
  <testcase name="LoginTest" time="6.200" classname="TestCases.AddBookToCart"/>
</testsuite> <!-- TestCases.AddBookToCart -->
