<?xml version="1.0" encoding="UTF-8"?>
<!-- Generated by org.testng.reporters.JUnitReportReporter -->
<testsuite hostname="Niharikas-MacBook-Pro.local" name="TestCases.RegisterUser" tests="1" failures="0" timestamp="25 May 2020 08:49:38 GMT" time="8.557" errors="0">
  <testcase name="LoginTest" time="8.557" classname="TestCases.RegisterUser"/>
</testsuite> <!-- TestCases.RegisterUser -->
